
---
Order Data: {"store_id": 999999, "merchant_order_id": "TEST_ORDER_001", "recipient_name": "Test Recipient", "recipient_phone": "017XXXXXXXX", "recipient_address": "Test Address, Test City", "recipient_city": 1, "recipient_zone": 298, "recipient_area": 1, "delivery_type": 48, "item_type": 2, "special_instruction": "Test delivery instruction", "item_quantity": 1, "item_weight": 0.5, "item_description": "Test item description", "amount_to_collect": 0, "item_price": 100, "payment_type": 1, "recipient_email": "test@example.com", "recipient_landmark": "Near Test Landmark"}
Error: 422 Client Error: Unprocessable Entity for url: https://courier-api-sandbox.pathao.com/aladdin/api/v1/orders
Response: {"message":"Please fix the given errors","type":"error","code":422,"errors":{"recipient_phone":["This recipient phone is not a valid phone number."]}}
---

---
Order Data: {"store_id": 25229, "merchant_order_id": "ORDER_1747633960", "recipient_name": "Test Recipient", "recipient_phone": "01911269258", "recipient_address": "Test Address, Test City", "recipient_city": 1, "recipient_zone": 50, "recipient_area": 1, "delivery_type": 48, "item_type": 2, "special_instruction": "Test delivery instruction", "item_quantity": 1, "item_weight": 0.5, "item_description": "Test item description", "amount_to_collect": 0, "item_price": 100, "payment_type": 1, "recipient_email": "test@example.com", "recipient_landmark": "Near Test Landmark"}
Error: 401 Client Error: Unauthorized for url: https://api-hermes.pathao.com/aladdin/api/v1/orders
Response: {"message":"Unauthorized","type":"error","code":401}
---

---
Order Data: {"store_id": 25229, "merchant_order_id": "ORDER_1747634351", "recipient_name": "Test Recipient", "recipient_phone": "01911269258", "recipient_address": "Test Address, Test City", "recipient_city": 1, "recipient_zone": 50, "recipient_area": 1, "delivery_type": 48, "item_type": 2, "special_instruction": "Test delivery instruction", "item_quantity": 1, "item_weight": 0.5, "item_description": "Test item description", "amount_to_collect": 0, "item_price": 100, "payment_type": 1, "recipient_email": "test@example.com", "recipient_landmark": "Near Test Landmark"}
Error: 401 Client Error: Unauthorized for url: https://api-hermes.pathao.com/aladdin/api/v1/orders
Response: {"message":"Unauthorized","type":"error","code":401}
---

---
Order Data: {"store_id": 25229, "merchant_order_id": "ORDER_8", "recipient_name": "Pritha Islam", "recipient_phone": "01637696295", "recipient_address": "House ", "recipient_city": 1, "recipient_zone": 50, "recipient_area": 673, "delivery_type": 48, "item_type": 2, "special_instruction": "", "item_quantity": 1, "item_weight": 0.5, "item_description": "bangles-katai 01 x 1", "amount_to_collect": 5775.0, "item_price": 5775.0, "payment_type": 1}
Error: 422 Client Error: Unprocessable Entity for url: https://api-hermes.pathao.com/aladdin/api/v1/orders
Response: {"message":"Please fix the given errors","type":"error","code":422,"errors":{"recipient_address":["The recipient address must be at least 10 characters."]}}
---

---
Order Data: {"store_id": 25229, "merchant_order_id": "ORDER_10", "recipient_name": "API test", "recipient_phone": "01911269258", "recipient_address": "aasas", "recipient_city": 1, "recipient_zone": 298, "recipient_area": 3069, "delivery_type": 48, "item_type": 2, "special_instruction": "", "item_quantity": 1, "item_weight": 0.5, "item_description": "Negative x 1", "amount_to_collect": 2575.0, "item_price": 2575.0, "payment_type": 1}
Error: 422 Client Error: Unprocessable Entity for url: https://api-hermes.pathao.com/aladdin/api/v1/orders
Response: {"message":"Please fix the given errors","type":"error","code":422,"errors":{"recipient_address":["The recipient address must be at least 10 characters."]}}
---

---
Order Data: {"store_id": 25229, "merchant_order_id": "10", "recipient_name": "API test", "recipient_phone": "01911269258", "recipient_address": "aasasdfdfdf dfdfdf ssdsf", "recipient_city": "1", "recipient_zone": "298", "recipient_area": "3069", "delivery_type": 48, "item_type": 2, "special_instruction": "", "item_quantity": 1, "item_weight": 0.5, "item_description": "Order #10", "amount_to_collect": 2575.0, "payment_type": 1}
Error: 401 Client Error: Unauthorized for url: https://courier-api-sandbox.pathao.com/aladdin/api/v1/orders
Response: {"message":"Unauthorized","type":"error","code":401}
---

---
Order Data: {"store_id": 25229, "merchant_order_id": "9", "recipient_name": "API test", "recipient_phone": "01911269258", "recipient_address": "Test Address", "recipient_city": "1", "recipient_zone": "50", "recipient_area": "673", "delivery_type": 48, "item_type": 2, "special_instruction": "", "item_quantity": 1, "item_weight": 0.5, "item_description": "Order #9", "amount_to_collect": 2675.0, "payment_type": 1}
Error: 401 Client Error: Unauthorized for url: https://courier-api-sandbox.pathao.com/aladdin/api/v1/orders
Response: {"message":"Unauthorized","type":"error","code":401}
---

---
Order Data: {"store_id": 25229, "merchant_order_id": "10", "recipient_name": "API test", "recipient_phone": "01911269258", "recipient_address": "aasasdfdfdf dfdfdf ssdsf", "recipient_city": "1", "recipient_zone": "298", "recipient_area": "3069", "delivery_type": 48, "item_type": 2, "special_instruction": "", "item_quantity": 1, "item_weight": 0.5, "item_description": "Order #10", "amount_to_collect": 2575.0, "payment_type": 1}
Error: 401 Client Error: Unauthorized for url: https://courier-api-sandbox.pathao.com/aladdin/api/v1/orders
Response: {"message":"Unauthorized","type":"error","code":401}
---

---
Order Data: {"store_id": 25229, "merchant_order_id": "ORDER_11", "recipient_name": "Fazlul Karim", "recipient_phone": "01911269258", "recipient_address": "Hose", "recipient_city": 62, "recipient_zone": 714, "recipient_area": 18821, "delivery_type": 48, "item_type": 2, "special_instruction": "", "item_quantity": 2, "item_weight": 0.5, "item_description": "Pearl Set 01 x 2", "amount_to_collect": 5675.0, "item_price": 5675.0, "payment_type": 1}
Error: 422 Client Error: Unprocessable Entity for url: https://api-hermes.pathao.com/aladdin/api/v1/orders
Response: {"message":"Please fix the given errors","type":"error","code":422,"errors":{"recipient_address":["The recipient address must be at least 10 characters."]}}
---
